2024-04-02T01:22:47.668Z error: Error en prueba 'Todos los productos': Error: read ECONNRESET
2024-04-02T01:22:47.673Z error: Error en prueba 'Retorna producto por ID': AggregateError
2024-04-02T01:22:47.676Z error: Error en prueba 'Agrega producto': AggregateError
2024-04-02T01:24:14.974Z error: Error en prueba 'Todos los productos': AssertionError: expected 500 to equal 200
2024-04-02T01:24:15.046Z error: Error en prueba 'Agrega producto': AssertionError: expected 400 to equal 201
2024-05-05T22:57:10.744Z info: Servidor escuchando en http://localhost:8080
2024-05-05T22:57:11.827Z info: Conexión exitosa a MongoDB
2024-05-05T22:57:36.902Z info: Servidor escuchando en http://localhost:8080
2024-05-05T22:57:37.751Z info: Conexión exitosa a MongoDB
2024-05-05T23:00:43.885Z info: Servidor escuchando en http://localhost:8080
2024-05-05T23:00:44.900Z info: Conexión exitosa a MongoDB
2024-05-05T23:03:40.292Z info: Servidor escuchando en http://localhost:8080
2024-05-05T23:03:41.297Z info: Conexión exitosa a MongoDB
2024-05-05T23:11:28.384Z info: Servidor escuchando en http://localhost:8080
2024-05-05T23:11:29.451Z info: Conexión exitosa a MongoDB
2024-05-05T23:11:30.713Z info: Servidor escuchando en http://localhost:8080
2024-05-05T23:11:31.605Z info: Conexión exitosa a MongoDB
2024-05-05T23:12:43.018Z info: Servidor escuchando en http://localhost:8080
2024-05-05T23:12:44.047Z info: Conexión exitosa a MongoDB
2024-05-05T23:12:46.217Z info: Servidor escuchando en http://localhost:8080
2024-05-05T23:12:47.131Z info: Conexión exitosa a MongoDB
2024-05-05T23:14:29.145Z info: Servidor escuchando en http://localhost:8080
2024-05-05T23:14:30.139Z info: Conexión exitosa a MongoDB
2024-05-05T23:14:41.662Z info: Servidor escuchando en http://localhost:8080
2024-05-05T23:14:52.034Z error: Operation `Products.find()` buffering timed out after 10000ms
2024-05-05T23:18:45.888Z info: Servidor escuchando en http://localhost:8080
2024-05-05T23:18:50.448Z info: Servidor escuchando en http://localhost:8080
2024-05-05T23:19:00.947Z error: Operation `Products.find()` buffering timed out after 10000ms
2024-05-05T23:29:04.882Z info: Servidor escuchando en http://localhost:8080
2024-05-05T23:29:16.048Z info: Servidor escuchando en http://localhost:8080
2024-05-05T23:29:28.186Z error: Operation `Products.find()` buffering timed out after 10000ms
2024-05-05T23:37:45.916Z info: Servidor escuchando en http://localhost:8080
2024-05-05T23:37:57.022Z error: Operation `Products.find()` buffering timed out after 10000ms
2024-05-05T23:39:33.061Z info: Servidor escuchando en http://localhost:8080
2024-05-05T23:39:34.166Z info: Conexión exitosa a MongoDB
2024-05-05T23:40:04.141Z info: Servidor escuchando en http://localhost:8080
2024-05-05T23:40:04.984Z info: Conexión exitosa a MongoDB
2024-05-05T23:40:58.580Z info: Servidor escuchando en http://localhost:8080
2024-05-05T23:40:59.497Z info: Conexión exitosa a MongoDB
2024-05-05T23:41:02.619Z info: Servidor escuchando en http://localhost:8080
2024-05-05T23:41:03.501Z info: Conexión exitosa a MongoDB
