2024-03-07T12:06:57.328Z error: Error message
2024-03-07T12:07:05.542Z error: Error message
2024-03-07T12:07:54.684Z error: Error message
2024-03-07T12:09:12.011Z info: Servidor escuchando en http://localhost:8080
2024-03-07T12:09:12.847Z info: Conexión exitosa a MongoDB
2024-03-07T12:09:17.769Z debug: Debug message
2024-03-07T12:09:17.769Z info: Info message
2024-03-07T12:09:17.770Z warn: Warning message
2024-03-07T12:09:17.770Z error: Error message
2024-03-07T12:09:44.575Z info: Servidor escuchando en http://localhost:8080
2024-03-07T12:09:45.771Z info: Servidor escuchando en http://localhost:8080
2024-03-07T12:09:47.219Z info: Servidor escuchando en http://localhost:8080
2024-03-07T12:09:47.928Z info: Conexión exitosa a MongoDB
2024-03-07T12:09:49.283Z info: Servidor escuchando en http://localhost:8080
2024-03-07T12:09:50.087Z info: Conexión exitosa a MongoDB
2024-03-07T12:10:02.165Z info: Servidor escuchando en http://localhost:8080
2024-03-07T12:10:03.161Z info: Conexión exitosa a MongoDB
2024-03-19T13:41:24.908Z info: Servidor escuchando en http://localhost:8080
2024-03-19T13:41:25.843Z info: Conexión exitosa a MongoDB
2024-03-25T18:30:17.435Z info: Servidor escuchando en http://localhost:8080
2024-03-25T18:30:18.446Z info: Conexión exitosa a MongoDB
2024-03-25T18:36:12.550Z info: Servidor escuchando en http://localhost:8080
2024-03-25T18:36:13.568Z info: Conexión exitosa a MongoDB
2024-03-25T18:38:10.315Z info: Servidor escuchando en http://localhost:8080
2024-03-25T18:38:11.267Z info: Conexión exitosa a MongoDB
